PLINK v1.90b7.1 64-bit (18 Oct 2023)
Options in effect:
  --allow-extra-chr
  --cluster
  --matrix
  --mind
  --out ./plink/dataset
  --pca 3
  --vcf /scratch/MOryzae/SNP/vcf_files/snp_correct.vcf.gz

Hostname: node20.itrop.net
Working directory: /scratch/MOryzae/PLINK
Start time: Thu Dec  5 16:47:56 2024

Note: --matrix flag deprecated.  Migrate to "--distance ibs flat-missing",
"--r2 square", etc.
Random number seed: 1733413676
64281 MB RAM detected; reserving 32140 MB for main workspace.
--vcf: ./plink/dataset-temporary.bed + ./plink/dataset-temporary.bim +
./plink/dataset-temporary.fam written.
1613848 variants loaded from .bim file.
89 people (0 males, 0 females, 89 ambiguous) loaded from .fam.
Ambiguous sex IDs written to ./plink/dataset.nosex .
15 people removed due to missing genotype data (--mind).
IDs written to ./plink/dataset.irem .
Using up to 19 threads (change this with --threads).
Before main variant filters, 74 founders and 0 nonfounders present.
Calculating allele frequencies... done.
Total genotyping rate in remaining samples is 0.941895.
1613848 variants and 74 people pass filters and QC.
Note: No phenotypes present.
Relationship matrix calculation complete.
--pca: Results saved to ./plink/dataset.eigenval and ./plink/dataset.eigenvec .
Distance matrix calculation complete.
IBS matrix written to ./plink/dataset.mibs , and IDs to ./plink/dataset.mibs.id
.
Clustering... done.
Cluster solution written to ./plink/dataset.cluster1 , ./plink/dataset.cluster2
, and ./plink/dataset.cluster3 .

End time: Thu Dec  5 16:48:23 2024
