PLINK v1.90b7.1 64-bit (18 Oct 2023)
Options in effect:
  --allow-extra-chr
  --cluster
  --matrix
  --out only_snp/dataset
  --pca 3
  --vcf /scratch/MOryzae/SNP/vcf_files/all_samples_snp_correct.vcf.gz

Hostname: node20.itrop.net
Working directory: /scratch/MOryzae/PLINK
Start time: Sun Nov 17 19:51:37 2024

Note: --matrix flag deprecated.  Migrate to "--distance ibs flat-missing",
"--r2 square", etc.
Random number seed: 1731869497
64281 MB RAM detected; reserving 32140 MB for main workspace.
--vcf: only_snp/dataset-temporary.bed + only_snp/dataset-temporary.bim +
only_snp/dataset-temporary.fam written.
1605095 variants loaded from .bim file.
89 people (0 males, 0 females, 89 ambiguous) loaded from .fam.
Ambiguous sex IDs written to only_snp/dataset.nosex .
Using up to 19 threads (change this with --threads).
Before main variant filters, 89 founders and 0 nonfounders present.
Calculating allele frequencies... done.
Total genotyping rate is exactly 1.
1605095 variants and 89 people pass filters and QC.
Note: No phenotypes present.
Relationship matrix calculation complete.
--pca: Results saved to only_snp/dataset.eigenval and only_snp/dataset.eigenvec
.
Distance matrix calculation complete.
IBS matrix written to only_snp/dataset.mibs , and IDs to
only_snp/dataset.mibs.id .
Clustering... done.
Cluster solution written to only_snp/dataset.cluster1 ,
only_snp/dataset.cluster2 , and only_snp/dataset.cluster3 .

End time: Sun Nov 17 19:51:52 2024
