PLINK v1.90b7.1 64-bit (18 Oct 2023)
Options in effect:
  --allow-extra-chr
  --cluster
  --matrix
  --out all_samples/dataset
  --pca 3
  --vcf /scratch/MOryzae/SNP/vcf_files/all_samples_correct.vcf.gz

Hostname: node20.itrop.net
Working directory: /scratch/MOryzae/PLINK
Start time: Sun Nov 17 19:52:13 2024

Note: --matrix flag deprecated.  Migrate to "--distance ibs flat-missing",
"--r2 square", etc.
Random number seed: 1731869533
64281 MB RAM detected; reserving 32140 MB for main workspace.
--vcf: all_samples/dataset-temporary.bed + all_samples/dataset-temporary.bim +
all_samples/dataset-temporary.fam written.
1683286 variants loaded from .bim file.
89 people (0 males, 0 females, 89 ambiguous) loaded from .fam.
Ambiguous sex IDs written to all_samples/dataset.nosex .
Using up to 19 threads (change this with --threads).
Before main variant filters, 89 founders and 0 nonfounders present.
Calculating allele frequencies... done.
Total genotyping rate is exactly 1.
1683286 variants and 89 people pass filters and QC.
Note: No phenotypes present.
Relationship matrix calculation complete.
--pca: Results saved to all_samples/dataset.eigenval and
all_samples/dataset.eigenvec .
Distance matrix calculation complete.
IBS matrix written to all_samples/dataset.mibs , and IDs to
all_samples/dataset.mibs.id .
Clustering... done.
Cluster solution written to all_samples/dataset.cluster1 ,
all_samples/dataset.cluster2 , and all_samples/dataset.cluster3 .

End time: Sun Nov 17 19:52:29 2024
